{"uuid":"a9e7a5b6-6e7a-466e-a539-369d1db98171","historyId":"9a0e29de4b9d95af855e3c8b86bd5123","fullName":"qaautomation.stagingengineerai.APITest.signupAPI","labels":[{"name":"package","value":"qaautomation.stagingengineerai.APITest"},{"name":"testClass","value":"qaautomation.stagingengineerai.APITest"},{"name":"testMethod","value":"signupAPI"},{"name":"parentSuite","value":"Default suite"},{"name":"suite","value":"Default test"},{"name":"subSuite","value":"qaautomation.stagingengineerai.APITest"},{"name":"host","value":"Hafizhs-MacBook-Air.local"},{"name":"thread","value":"20824@Hafizhs-MacBook-Air.local.main(1)"}],"links":[],"name":"signupAPI","status":"broken","statusDetails":{"known":false,"muted":false,"flaky":false,"message":"com.github.fge.jsonschema.core.exceptions.InvalidSchemaException: fatal: invalid JSON Schema, cannot continue\nSyntax errors:\n[ {\n  \"level\" : \"warning\",\n  \"schema\" : {\n    \"loadingURI\" : \"#\",\n    \"pointer\" : \"\"\n  },\n  \"domain\" : \"syntax\",\n  \"message\" : \"the following keywords are unknown and will be ignored: [address_disabled, authtoken, available_country, available_currency, bant_answers, billing_entity, currency, email, enable_referral_code, enterprise_lead, first_name, last_name, message_preferences, nda_signed, organisation, origin, phone_number, pm_dashboard_token, price_multiplier, profile_image, referral_code, region, roles, running_project_count, setting, signup_stage, source, spec_call_nda_signed, sub_region, user_profiles, user_type, utm_campaign, utm_medium, utm_source]\",\n  \"ignored\" : [ \"address_disabled\", \"authtoken\", \"available_country\", \"available_currency\", \"bant_answers\", \"billing_entity\", \"currency\", \"email\", \"enable_referral_code\", \"enterprise_lead\", \"first_name\", \"last_name\", \"message_preferences\", \"nda_signed\", \"organisation\", \"origin\", \"phone_number\", \"pm_dashboard_token\", \"price_multiplier\", \"profile_image\", \"referral_code\", \"region\", \"roles\", \"running_project_count\", \"setting\", \"signup_stage\", \"source\", \"spec_call_nda_signed\", \"sub_region\", \"user_profiles\", \"user_type\", \"utm_campaign\", \"utm_medium\", \"utm_source\" ]\n}, {\n  \"level\" : \"error\",\n  \"message\" : \"value has incorrect type (found integer, expected one of [string])\",\n  \"domain\" : \"syntax\",\n  \"schema\" : {\n    \"loadingURI\" : \"#\",\n    \"pointer\" : \"\"\n  },\n  \"keyword\" : \"id\",\n  \"found\" : \"integer\",\n  \"expected\" : [ \"string\" ]\n} ]\n    level: \"fatal\"\n","trace":"io.restassured.module.jsv.JsonSchemaValidationException: com.github.fge.jsonschema.core.exceptions.InvalidSchemaException: fatal: invalid JSON Schema, cannot continue\nSyntax errors:\n[ {\n  \"level\" : \"warning\",\n  \"schema\" : {\n    \"loadingURI\" : \"#\",\n    \"pointer\" : \"\"\n  },\n  \"domain\" : \"syntax\",\n  \"message\" : \"the following keywords are unknown and will be ignored: [address_disabled, authtoken, available_country, available_currency, bant_answers, billing_entity, currency, email, enable_referral_code, enterprise_lead, first_name, last_name, message_preferences, nda_signed, organisation, origin, phone_number, pm_dashboard_token, price_multiplier, profile_image, referral_code, region, roles, running_project_count, setting, signup_stage, source, spec_call_nda_signed, sub_region, user_profiles, user_type, utm_campaign, utm_medium, utm_source]\",\n  \"ignored\" : [ \"address_disabled\", \"authtoken\", \"available_country\", \"available_currency\", \"bant_answers\", \"billing_entity\", \"currency\", \"email\", \"enable_referral_code\", \"enterprise_lead\", \"first_name\", \"last_name\", \"message_preferences\", \"nda_signed\", \"organisation\", \"origin\", \"phone_number\", \"pm_dashboard_token\", \"price_multiplier\", \"profile_image\", \"referral_code\", \"region\", \"roles\", \"running_project_count\", \"setting\", \"signup_stage\", \"source\", \"spec_call_nda_signed\", \"sub_region\", \"user_profiles\", \"user_type\", \"utm_campaign\", \"utm_medium\", \"utm_source\" ]\n}, {\n  \"level\" : \"error\",\n  \"message\" : \"value has incorrect type (found integer, expected one of [string])\",\n  \"domain\" : \"syntax\",\n  \"schema\" : {\n    \"loadingURI\" : \"#\",\n    \"pointer\" : \"\"\n  },\n  \"keyword\" : \"id\",\n  \"found\" : \"integer\",\n  \"expected\" : [ \"string\" ]\n} ]\n    level: \"fatal\"\n\n\tat io.restassured.module.jsv.JsonSchemaValidator.matchesSafely(JsonSchemaValidator.java:233)\n\tat io.restassured.module.jsv.JsonSchemaValidator.matchesSafely(JsonSchemaValidator.java:75)\n\tat org.hamcrest.TypeSafeMatcher.matches(TypeSafeMatcher.java:67)\n\tat org.hamcrest.Matcher$matches.call(Unknown Source)\n\tat org.codehaus.groovy.runtime.callsite.CallSiteArray.defaultCall(CallSiteArray.java:47)\n\tat org.codehaus.groovy.runtime.callsite.AbstractCallSite.call(AbstractCallSite.java:125)\n\tat org.codehaus.groovy.runtime.callsite.AbstractCallSite.call(AbstractCallSite.java:139)\n\tat io.restassured.assertion.BodyMatcher.validate(BodyMatcher.groovy:76)\n\tat io.restassured.assertion.BodyMatcher$validate$0.call(Unknown Source)\n\tat org.codehaus.groovy.runtime.callsite.CallSiteArray.defaultCall(CallSiteArray.java:47)\n\tat org.codehaus.groovy.runtime.callsite.AbstractCallSite.call(AbstractCallSite.java:125)\n\tat org.codehaus.groovy.runtime.callsite.AbstractCallSite.call(AbstractCallSite.java:157)\n\tat io.restassured.assertion.BodyMatcherGroup$_validate_closure2.doCall(BodyMatcherGroup.groovy:47)\n\tat java.base/jdk.internal.reflect.NativeMethodAccessorImpl.invoke0(Native Method)\n\tat java.base/jdk.internal.reflect.NativeMethodAccessorImpl.invoke(NativeMethodAccessorImpl.java:77)\n\tat java.base/jdk.internal.reflect.DelegatingMethodAccessorImpl.invoke(DelegatingMethodAccessorImpl.java:43)\n\tat java.base/java.lang.reflect.Method.invoke(Method.java:568)\n\tat org.codehaus.groovy.reflection.CachedMethod.invoke(CachedMethod.java:107)\n\tat groovy.lang.MetaMethod.doMethodInvoke(MetaMethod.java:323)\n\tat org.codehaus.groovy.runtime.metaclass.ClosureMetaClass.invokeMethod(ClosureMetaClass.java:263)\n\tat groovy.lang.MetaClassImpl.invokeMethod(MetaClassImpl.java:1035)\n\tat groovy.lang.Closure.call(Closure.java:412)\n\tat groovy.lang.Closure.call(Closure.java:428)\n\tat org.codehaus.groovy.runtime.DefaultGroovyMethods.collect(DefaultGroovyMethods.java:3575)\n\tat org.codehaus.groovy.runtime.DefaultGroovyMethods.collect(DefaultGroovyMethods.java:3560)\n\tat org.codehaus.groovy.runtime.DefaultGroovyMethods.collect(DefaultGroovyMethods.java:3660)\n\tat org.codehaus.groovy.runtime.dgm$101.invoke(Unknown Source)\n\tat org.codehaus.groovy.runtime.callsite.PojoMetaMethodSite$PojoMetaMethodSiteNoUnwrapNoCoerce.invoke(PojoMetaMethodSite.java:247)\n\tat org.codehaus.groovy.runtime.callsite.PojoMetaMethodSite.call(PojoMetaMethodSite.java:56)\n\tat org.codehaus.groovy.runtime.callsite.CallSiteArray.defaultCall(CallSiteArray.java:47)\n\tat org.codehaus.groovy.runtime.callsite.AbstractCallSite.call(AbstractCallSite.java:125)\n\tat org.codehaus.groovy.runtime.callsite.AbstractCallSite.call(AbstractCallSite.java:139)\n\tat io.restassured.assertion.BodyMatcherGroup.validate(BodyMatcherGroup.groovy:47)\n\tat io.restassured.assertion.BodyMatcherGroup$validate$3.call(Unknown Source)\n\tat org.codehaus.groovy.runtime.callsite.CallSiteArray.defaultCall(CallSiteArray.java:47)\n\tat org.codehaus.groovy.runtime.callsite.AbstractCallSite.call(AbstractCallSite.java:125)\n\tat org.codehaus.groovy.runtime.callsite.AbstractCallSite.call(AbstractCallSite.java:157)\n\tat io.restassured.internal.ResponseSpecificationImpl$HamcrestAssertionClosure.validate(ResponseSpecificationImpl.groovy:480)\n\tat io.restassured.internal.ResponseSpecificationImpl$HamcrestAssertionClosure$validate$1.call(Unknown Source)\n\tat org.codehaus.groovy.runtime.callsite.CallSiteArray.defaultCall(CallSiteArray.java:47)\n\tat org.codehaus.groovy.runtime.callsite.AbstractCallSite.call(AbstractCallSite.java:125)\n\tat org.codehaus.groovy.runtime.callsite.AbstractCallSite.call(AbstractCallSite.java:139)\n\tat io.restassured.internal.ResponseSpecificationImpl.validateResponseIfRequired(ResponseSpecificationImpl.groovy:674)\n\tat java.base/jdk.internal.reflect.NativeMethodAccessorImpl.invoke0(Native Method)\n\tat java.base/jdk.internal.reflect.NativeMethodAccessorImpl.invoke(NativeMethodAccessorImpl.java:77)\n\tat java.base/jdk.internal.reflect.DelegatingMethodAccessorImpl.invoke(DelegatingMethodAccessorImpl.java:43)\n\tat java.base/java.lang.reflect.Method.invoke(Method.java:568)\n\tat org.codehaus.groovy.runtime.callsite.PlainObjectMetaMethodSite.doInvoke(PlainObjectMetaMethodSite.java:43)\n\tat org.codehaus.groovy.runtime.callsite.PogoMetaMethodSite$PogoCachedMethodSiteNoUnwrapNoCoerce.invoke(PogoMetaMethodSite.java:193)\n\tat org.codehaus.groovy.runtime.callsite.PogoMetaMethodSite.callCurrent(PogoMetaMethodSite.java:61)\n\tat org.codehaus.groovy.runtime.callsite.CallSiteArray.defaultCallCurrent(CallSiteArray.java:51)\n\tat org.codehaus.groovy.runtime.callsite.AbstractCallSite.callCurrent(AbstractCallSite.java:171)\n\tat org.codehaus.groovy.runtime.callsite.AbstractCallSite.callCurrent(AbstractCallSite.java:185)\n\tat io.restassured.internal.ResponseSpecificationImpl.body(ResponseSpecificationImpl.groovy:98)\n\tat io.restassured.internal.ValidatableResponseOptionsImpl.body(ValidatableResponseOptionsImpl.java:238)\n\tat io.restassured.internal.ValidatableResponseImpl.super$2$body(ValidatableResponseImpl.groovy)\n\tat java.base/jdk.internal.reflect.NativeMethodAccessorImpl.invoke0(Native Method)\n\tat java.base/jdk.internal.reflect.NativeMethodAccessorImpl.invoke(NativeMethodAccessorImpl.java:77)\n\tat java.base/jdk.internal.reflect.DelegatingMethodAccessorImpl.invoke(DelegatingMethodAccessorImpl.java:43)\n\tat java.base/java.lang.reflect.Method.invoke(Method.java:568)\n\tat org.codehaus.groovy.reflection.CachedMethod.invoke(CachedMethod.java:107)\n\tat groovy.lang.MetaMethod.doMethodInvoke(MetaMethod.java:323)\n\tat groovy.lang.MetaClassImpl.invokeMethod(MetaClassImpl.java:1268)\n\tat org.codehaus.groovy.runtime.ScriptBytecodeAdapter.invokeMethodOnSuperN(ScriptBytecodeAdapter.java:144)\n\tat io.restassured.internal.ValidatableResponseImpl.body(ValidatableResponseImpl.groovy:293)\n\tat io.restassured.internal.ValidatableResponseImpl.body(ValidatableResponseImpl.groovy)\n\tat qaautomation.stagingengineerai.APITest.signupAPI(APITest.java:37)\n\tat java.base/jdk.internal.reflect.NativeMethodAccessorImpl.invoke0(Native Method)\n\tat java.base/jdk.internal.reflect.NativeMethodAccessorImpl.invoke(NativeMethodAccessorImpl.java:77)\n\tat java.base/jdk.internal.reflect.DelegatingMethodAccessorImpl.invoke(DelegatingMethodAccessorImpl.java:43)\n\tat java.base/java.lang.reflect.Method.invoke(Method.java:568)\n\tat org.testng.internal.MethodInvocationHelper.invokeMethod(MethodInvocationHelper.java:124)\n\tat org.testng.internal.Invoker.invokeMethod(Invoker.java:583)\n\tat org.testng.internal.Invoker.invokeTestMethod(Invoker.java:719)\n\tat org.testng.internal.Invoker.invokeTestMethods(Invoker.java:989)\n\tat org.testng.internal.TestMethodWorker.invokeTestMethods(TestMethodWorker.java:125)\n\tat org.testng.internal.TestMethodWorker.run(TestMethodWorker.java:109)\n\tat org.testng.TestRunner.privateRun(TestRunner.java:648)\n\tat org.testng.TestRunner.run(TestRunner.java:505)\n\tat org.testng.SuiteRunner.runTest(SuiteRunner.java:455)\n\tat org.testng.SuiteRunner.runSequentially(SuiteRunner.java:450)\n\tat org.testng.SuiteRunner.privateRun(SuiteRunner.java:415)\n\tat org.testng.SuiteRunner.run(SuiteRunner.java:364)\n\tat org.testng.SuiteRunnerWorker.runSuite(SuiteRunnerWorker.java:52)\n\tat org.testng.SuiteRunnerWorker.run(SuiteRunnerWorker.java:84)\n\tat org.testng.TestNG.runSuitesSequentially(TestNG.java:1208)\n\tat org.testng.TestNG.runSuitesLocally(TestNG.java:1137)\n\tat org.testng.TestNG.runSuites(TestNG.java:1049)\n\tat org.testng.TestNG.run(TestNG.java:1017)\n\tat org.testng.remote.AbstractRemoteTestNG.run(AbstractRemoteTestNG.java:115)\n\tat org.testng.remote.RemoteTestNG.initAndRun(RemoteTestNG.java:251)\n\tat org.testng.remote.RemoteTestNG.main(RemoteTestNG.java:77)\nCaused by: com.github.fge.jsonschema.core.exceptions.InvalidSchemaException: fatal: invalid JSON Schema, cannot continue\nSyntax errors:\n[ {\n  \"level\" : \"warning\",\n  \"schema\" : {\n    \"loadingURI\" : \"#\",\n    \"pointer\" : \"\"\n  },\n  \"domain\" : \"syntax\",\n  \"message\" : \"the following keywords are unknown and will be ignored: [address_disabled, authtoken, available_country, available_currency, bant_answers, billing_entity, currency, email, enable_referral_code, enterprise_lead, first_name, last_name, message_preferences, nda_signed, organisation, origin, phone_number, pm_dashboard_token, price_multiplier, profile_image, referral_code, region, roles, running_project_count, setting, signup_stage, source, spec_call_nda_signed, sub_region, user_profiles, user_type, utm_campaign, utm_medium, utm_source]\",\n  \"ignored\" : [ \"address_disabled\", \"authtoken\", \"available_country\", \"available_currency\", \"bant_answers\", \"billing_entity\", \"currency\", \"email\", \"enable_referral_code\", \"enterprise_lead\", \"first_name\", \"last_name\", \"message_preferences\", \"nda_signed\", \"organisation\", \"origin\", \"phone_number\", \"pm_dashboard_token\", \"price_multiplier\", \"profile_image\", \"referral_code\", \"region\", \"roles\", \"running_project_count\", \"setting\", \"signup_stage\", \"source\", \"spec_call_nda_signed\", \"sub_region\", \"user_profiles\", \"user_type\", \"utm_campaign\", \"utm_medium\", \"utm_source\" ]\n}, {\n  \"level\" : \"error\",\n  \"message\" : \"value has incorrect type (found integer, expected one of [string])\",\n  \"domain\" : \"syntax\",\n  \"schema\" : {\n    \"loadingURI\" : \"#\",\n    \"pointer\" : \"\"\n  },\n  \"keyword\" : \"id\",\n  \"found\" : \"integer\",\n  \"expected\" : [ \"string\" ]\n} ]\n    level: \"fatal\"\n\n\tat com.github.fge.jsonschema.processors.validation.InstanceValidator.process(InstanceValidator.java:114)\n\tat com.github.fge.jsonschema.processors.validation.ValidationProcessor.process(ValidationProcessor.java:56)\n\tat com.github.fge.jsonschema.processors.validation.ValidationProcessor.process(ValidationProcessor.java:34)\n\tat com.github.fge.jsonschema.core.processing.ProcessingResult.of(ProcessingResult.java:79)\n\tat com.github.fge.jsonschema.main.JsonSchemaImpl.doValidate(JsonSchemaImpl.java:77)\n\tat com.github.fge.jsonschema.main.JsonSchemaImpl.validate(JsonSchemaImpl.java:100)\n\tat com.github.fge.jsonschema.main.JsonSchemaImpl.validate(JsonSchemaImpl.java:110)\n\tat io.restassured.module.jsv.JsonSchemaValidator.matchesSafely(JsonSchemaValidator.java:227)\n\t... 91 more\n"},"stage":"finished","start":1674719334557,"stop":1674719339766,"parameters":[]}